# JRE version: OpenJDK Runtime Environment (8.0_152-b02) (build 1.8.0_152-release-1024-b02)
# Java VM: OpenJDK 64-Bit Server VM (25.152-b02 mixed mode windows-amd64 compressed oops)
Heap:
 PSYoungGen      total 465920K, used 329894K [0x00000000e0000000, 0x0000000100000000, 0x0000000100000000)
  eden space 429568K, 69% used [0x00000000e0000000,0x00000000f217b8a8,0x00000000fa380000)
  from space 36352K, 92% used [0x00000000fa380000,0x00000000fc42e220,0x00000000fc700000)
  to   space 40960K, 0% used [0x00000000fd800000,0x00000000fd800000,0x0000000100000000)
 ParOldGen       total 326144K, used 183124K [0x00000000a0000000, 0x00000000b3e80000, 0x00000000e0000000)
  object space 326144K, 56% used [0x00000000a0000000,0x00000000ab2d5298,0x00000000b3e80000)
 Metaspace       used 74776K, capacity 77302K, committed 77656K, reserved 1116160K
  class space    used 9690K, capacity 10238K, committed 10368K, reserved 1048576K
GC Heap History (10 events):
Event: 201.320 GC heap before
{Heap before GC invocations=16 (full 3):
 PSYoungGen      total 367104K, used 354107K [0x00000000e0000000, 0x00000000f8780000, 0x0000000100000000)
  eden space 335360K, 99% used [0x00000000e0000000,0x00000000f476ac00,0x00000000f4780000)
  from space 31744K, 59% used [0x00000000f6880000,0x00000000f7ae4208,0x00000000f8780000)
  to   space 32768K, 0% used [0x00000000f4780000,0x00000000f4780000,0x00000000f6780000)
 ParOldGen       total 114176K, used 84972K [0x00000000a0000000, 0x00000000a6f80000, 0x00000000e0000000)
  object space 114176K, 74% used [0x00000000a0000000,0x00000000a52fb350,0x00000000a6f80000)
 Metaspace       used 71755K, capacity 74368K, committed 74584K, reserved 1114112K
  class space    used 9505K, capacity 10071K, committed 10112K, reserved 1048576K
Event: 201.344 GC heap after
Heap after GC invocations=16 (full 3):
 PSYoungGen      total 368128K, used 5680K [0x00000000e0000000, 0x00000000fe700000, 0x0000000100000000)
  eden space 335360K, 0% used [0x00000000e0000000,0x00000000e0000000,0x00000000f4780000)
  from space 32768K, 17% used [0x00000000f4780000,0x00000000f4d0c2e8,0x00000000f6780000)
  to   space 32768K, 0% used [0x00000000fc700000,0x00000000fc700000,0x00000000fe700000)
 ParOldGen       total 114176K, used 95164K [0x00000000a0000000, 0x00000000a6f80000, 0x00000000e0000000)
  object space 114176K, 83% used [0x00000000a0000000,0x00000000a5cef180,0x00000000a6f80000)
 Metaspace       used 71755K, capacity 74368K, committed 74584K, reserved 1114112K
  class space    used 9505K, capacity 10071K, committed 10112K, reserved 1048576K
}
Event: 201.344 GC heap before
{Heap before GC invocations=17 (full 4):
 PSYoungGen      total 368128K, used 5680K [0x00000000e0000000, 0x00000000fe700000, 0x0000000100000000)
  eden space 335360K, 0% used [0x00000000e0000000,0x00000000e0000000,0x00000000f4780000)
  from space 32768K, 17% used [0x00000000f4780000,0x00000000f4d0c2e8,0x00000000f6780000)
  to   space 32768K, 0% used [0x00000000fc700000,0x00000000fc700000,0x00000000fe700000)
 ParOldGen       total 114176K, used 95164K [0x00000000a0000000, 0x00000000a6f80000, 0x00000000e0000000)
  object space 114176K, 83% used [0x00000000a0000000,0x00000000a5cef180,0x00000000a6f80000)
 Metaspace       used 71755K, capacity 74368K, committed 74584K, reserved 1114112K
  class space    used 9505K, capacity 10071K, committed 10112K, reserved 1048576K
Event: 201.571 GC heap after
Heap after GC invocations=17 (full 4):
 PSYoungGen      total 368128K, used 0K [0x00000000e0000000, 0x00000000fe700000, 0x0000000100000000)
  eden space 335360K, 0% used [0x00000000e0000000,0x00000000e0000000,0x00000000f4780000)
  from space 32768K, 0% used [0x00000000f4780000,0x00000000f4780000,0x00000000f6780000)
  to   space 32768K, 0% used [0x00000000fc700000,0x00000000fc700000,0x00000000fe700000)
 ParOldGen       total 160768K, used 50386K [0x00000000a0000000, 0x00000000a9d00000, 0x00000000e0000000)
  object space 160768K, 31% used [0x00000000a0000000,0x00000000a3134958,0x00000000a9d00000)
 Metaspace       used 71603K, capacity 73940K, committed 74584K, reserved 1114112K
  class space    used 9453K, capacity 9979K, committed 10112K, reserved 1048576K
}
Event: 202.257 GC heap before
{Heap before GC invocations=18 (full 4):
 PSYoungGen      total 368128K, used 330231K [0x00000000e0000000, 0x00000000fe700000, 0x0000000100000000)
  eden space 335360K, 98% used [0x00000000e0000000,0x00000000f427dda8,0x00000000f4780000)
  from space 32768K, 0% used [0x00000000f4780000,0x00000000f4780000,0x00000000f6780000)
  to   space 32768K, 0% used [0x00000000fc700000,0x00000000fc700000,0x00000000fe700000)
 ParOldGen       total 160768K, used 50386K [0x00000000a0000000, 0x00000000a9d00000, 0x00000000e0000000)
  object space 160768K, 31% used [0x00000000a0000000,0x00000000a3134958,0x00000000a9d00000)
 Metaspace       used 71603K, capacity 73940K, committed 74584K, reserved 1114112K
  class space    used 9453K, capacity 9979K, committed 10112K, reserved 1048576K
Event: 202.411 GC heap after
Heap after GC invocations=18 (full 4):
 PSYoungGen      total 462336K, used 28187K [0x00000000e0000000, 0x0000000100000000, 0x0000000100000000)
  eden space 429568K, 0% used [0x00000000e0000000,0x00000000e0000000,0x00000000fa380000)
  from space 32768K, 86% used [0x00000000fc700000,0x00000000fe286f48,0x00000000fe700000)
  to   space 36352K, 0% used [0x00000000fa380000,0x00000000fa380000,0x00000000fc700000)
 ParOldGen       total 226816K, used 185395K [0x00000000a0000000, 0x00000000add80000, 0x00000000e0000000)
  object space 226816K, 81% used [0x00000000a0000000,0x00000000ab50cdf0,0x00000000add80000)
 Metaspace       used 71603K, capacity 73940K, committed 74584K, reserved 1114112K
  class space    used 9453K, capacity 9979K, committed 10112K, reserved 1048576K
}
Event: 202.411 GC heap before
{Heap before GC invocations=19 (full 5):
 PSYoungGen      total 462336K, used 28187K [0x00000000e0000000, 0x0000000100000000, 0x0000000100000000)
  eden space 429568K, 0% used [0x00000000e0000000,0x00000000e0000000,0x00000000fa380000)
  from space 32768K, 86% used [0x00000000fc700000,0x00000000fe286f48,0x00000000fe700000)
  to   space 36352K, 0% used [0x00000000fa380000,0x00000000fa380000,0x00000000fc700000)
 ParOldGen       total 226816K, used 185395K [0x00000000a0000000, 0x00000000add80000, 0x00000000e0000000)
  object space 226816K, 81% used [0x00000000a0000000,0x00000000ab50cdf0,0x00000000add80000)
 Metaspace       used 71603K, capacity 73940K, committed 74584K, reserved 1114112K
  class space    used 9453K, capacity 9979K, committed 10112K, reserved 1048576K
Event: 202.651 GC heap after
Heap after GC invocations=19 (full 5):
 PSYoungGen      total 462336K, used 0K [0x00000000e0000000, 0x0000000100000000, 0x0000000100000000)
  eden space 429568K, 0% used [0x00000000e0000000,0x00000000e0000000,0x00000000fa380000)
  from space 32768K, 0% used [0x00000000fc700000,0x00000000fc700000,0x00000000fe700000)
  to   space 36352K, 0% used [0x00000000fa380000,0x00000000fa380000,0x00000000fc700000)
 ParOldGen       total 326144K, used 147990K [0x00000000a0000000, 0x00000000b3e80000, 0x00000000e0000000)
  object space 326144K, 45% used [0x00000000a0000000,0x00000000a9085b50,0x00000000b3e80000)
 Metaspace       used 71603K, capacity 73940K, committed 74584K, reserved 1114112K
  class space    used 9453K, capacity 9979K, committed 10112K, reserved 1048576K
}
Event: 203.216 GC heap before
{Heap before GC invocations=20 (full 5):
 PSYoungGen      total 462336K, used 429519K [0x00000000e0000000, 0x0000000100000000, 0x0000000100000000)
  eden space 429568K, 99% used [0x00000000e0000000,0x00000000fa373cb0,0x00000000fa380000)
  from space 32768K, 0% used [0x00000000fc700000,0x00000000fc700000,0x00000000fe700000)
  to   space 36352K, 0% used [0x00000000fa380000,0x00000000fa380000,0x00000000fc700000)
 ParOldGen       total 326144K, used 147990K [0x00000000a0000000, 0x00000000b3e80000, 0x00000000e0000000)
  object space 326144K, 45% used [0x00000000a0000000,0x00000000a9085b50,0x00000000b3e80000)
 Metaspace       used 71621K, capacity 73962K, committed 74584K, reserved 1114112K
  class space    used 9459K, capacity 9986K, committed 10112K, reserved 1048576K
Event: 203.287 GC heap after
Heap after GC invocations=20 (full 5):
 PSYoungGen      total 465920K, used 33464K [0x00000000e0000000, 0x0000000100000000, 0x0000000100000000)
  eden space 429568K, 0% used [0x00000000e0000000,0x00000000e0000000,0x00000000fa380000)
  from space 36352K, 92% used [0x00000000fa380000,0x00000000fc42e220,0x00000000fc700000)
  to   space 40960K, 0% used [0x00000000fd800000,0x00000000fd800000,0x0000000100000000)
 ParOldGen       total 326144K, used 183124K [0x00000000a0000000, 0x00000000b3e80000, 0x00000000e0000000)
  object space 326144K, 56% used [0x00000000a0000000,0x00000000ab2d5298,0x00000000b3e80000)
 Metaspace       used 71621K, capacity 73962K, committed 74584K, reserved 1114112K
  class space    used 9459K, capacity 9986K, committed 10112K, reserved 1048576K
}

