# JRE version: OpenJDK Runtime Environment (8.0_152-b02) (build 1.8.0_152-release-1024-b02)
# Java VM: OpenJDK 64-Bit Server VM (25.152-b02 mixed mode windows-amd64 compressed oops)
Heap:
 PSYoungGen      total 70656K, used 14137K [0x00000000e0000000, 0x00000000e9400000, 0x0000000100000000)
  eden space 65536K, 21% used [0x00000000e0000000,0x00000000e0dce500,0x00000000e4000000)
  from space 5120K, 0% used [0x00000000e4000000,0x00000000e4000000,0x00000000e4500000)
  to   space 10240K, 0% used [0x00000000e8a00000,0x00000000e8a00000,0x00000000e9400000)
 ParOldGen       total 55296K, used 8058K [0x00000000a0000000, 0x00000000a3600000, 0x00000000e0000000)
  object space 55296K, 14% used [0x00000000a0000000,0x00000000a07debf8,0x00000000a3600000)
 Metaspace       used 22280K, capacity 22652K, committed 22912K, reserved 1069056K
  class space    used 3016K, capacity 3149K, committed 3200K, reserved 1048576K
GC Heap History (10 events):
Event: 6.892 GC heap before
{Heap before GC invocations=2 (full 0):
 PSYoungGen      total 37888K, used 36878K [0x00000000e0000000, 0x00000000e2a00000, 0x0000000100000000)
  eden space 32768K, 100% used [0x00000000e0000000,0x00000000e2000000,0x00000000e2000000)
  from space 5120K, 80% used [0x00000000e2000000,0x00000000e2403a80,0x00000000e2500000)
  to   space 5120K, 0% used [0x00000000e2500000,0x00000000e2500000,0x00000000e2a00000)
 ParOldGen       total 86016K, used 8K [0x00000000a0000000, 0x00000000a5400000, 0x00000000e0000000)
  object space 86016K, 0% used [0x00000000a0000000,0x00000000a0002000,0x00000000a5400000)
 Metaspace       used 10930K, capacity 11176K, committed 11392K, reserved 1058816K
  class space    used 1446K, capacity 1550K, committed 1664K, reserved 1048576K
Event: 6.991 GC heap after
Heap after GC invocations=2 (full 0):
 PSYoungGen      total 37888K, used 5103K [0x00000000e0000000, 0x00000000e4a00000, 0x0000000100000000)
  eden space 32768K, 0% used [0x00000000e0000000,0x00000000e0000000,0x00000000e2000000)
  from space 5120K, 99% used [0x00000000e2500000,0x00000000e29fbf20,0x00000000e2a00000)
  to   space 5120K, 0% used [0x00000000e2000000,0x00000000e2000000,0x00000000e2500000)
 ParOldGen       total 86016K, used 217K [0x00000000a0000000, 0x00000000a5400000, 0x00000000e0000000)
  object space 86016K, 0% used [0x00000000a0000000,0x00000000a00366b0,0x00000000a5400000)
 Metaspace       used 10930K, capacity 11176K, committed 11392K, reserved 1058816K
  class space    used 1446K, capacity 1550K, committed 1664K, reserved 1048576K
}
Event: 8.168 GC heap before
{Heap before GC invocations=3 (full 0):
 PSYoungGen      total 37888K, used 37871K [0x00000000e0000000, 0x00000000e4a00000, 0x0000000100000000)
  eden space 32768K, 100% used [0x00000000e0000000,0x00000000e2000000,0x00000000e2000000)
  from space 5120K, 99% used [0x00000000e2500000,0x00000000e29fbf20,0x00000000e2a00000)
  to   space 5120K, 0% used [0x00000000e2000000,0x00000000e2000000,0x00000000e2500000)
 ParOldGen       total 86016K, used 217K [0x00000000a0000000, 0x00000000a5400000, 0x00000000e0000000)
  object space 86016K, 0% used [0x00000000a0000000,0x00000000a00366b0,0x00000000a5400000)
 Metaspace       used 14249K, capacity 14540K, committed 14720K, reserved 1062912K
  class space    used 1983K, capacity 2116K, committed 2176K, reserved 1048576K
Event: 8.183 GC heap after
Heap after GC invocations=3 (full 0):
 PSYoungGen      total 37888K, used 5088K [0x00000000e0000000, 0x00000000e4a00000, 0x0000000100000000)
  eden space 32768K, 0% used [0x00000000e0000000,0x00000000e0000000,0x00000000e2000000)
  from space 5120K, 99% used [0x00000000e2000000,0x00000000e24f81e8,0x00000000e2500000)
  to   space 5120K, 0% used [0x00000000e4500000,0x00000000e4500000,0x00000000e4a00000)
 ParOldGen       total 86016K, used 2005K [0x00000000a0000000, 0x00000000a5400000, 0x00000000e0000000)
  object space 86016K, 2% used [0x00000000a0000000,0x00000000a01f55c0,0x00000000a5400000)
 Metaspace       used 14249K, capacity 14540K, committed 14720K, reserved 1062912K
  class space    used 1983K, capacity 2116K, committed 2176K, reserved 1048576K
}
Event: 10.014 GC heap before
{Heap before GC invocations=4 (full 0):
 PSYoungGen      total 37888K, used 37856K [0x00000000e0000000, 0x00000000e4a00000, 0x0000000100000000)
  eden space 32768K, 100% used [0x00000000e0000000,0x00000000e2000000,0x00000000e2000000)
  from space 5120K, 99% used [0x00000000e2000000,0x00000000e24f81e8,0x00000000e2500000)
  to   space 5120K, 0% used [0x00000000e4500000,0x00000000e4500000,0x00000000e4a00000)
 ParOldGen       total 86016K, used 2005K [0x00000000a0000000, 0x00000000a5400000, 0x00000000e0000000)
  object space 86016K, 2% used [0x00000000a0000000,0x00000000a01f55c0,0x00000000a5400000)
 Metaspace       used 17488K, capacity 17834K, committed 18048K, reserved 1064960K
  class space    used 2495K, capacity 2633K, committed 2688K, reserved 1048576K
Event: 10.047 GC heap after
Heap after GC invocations=4 (full 0):
 PSYoungGen      total 70656K, used 5112K [0x00000000e0000000, 0x00000000e4a00000, 0x0000000100000000)
  eden space 65536K, 0% used [0x00000000e0000000,0x00000000e0000000,0x00000000e4000000)
  from space 5120K, 99% used [0x00000000e4500000,0x00000000e49fe2d8,0x00000000e4a00000)
  to   space 5120K, 0% used [0x00000000e4000000,0x00000000e4000000,0x00000000e4500000)
 ParOldGen       total 86016K, used 5095K [0x00000000a0000000, 0x00000000a5400000, 0x00000000e0000000)
  object space 86016K, 5% used [0x00000000a0000000,0x00000000a04f9fd8,0x00000000a5400000)
 Metaspace       used 17488K, capacity 17834K, committed 18048K, reserved 1064960K
  class space    used 2495K, capacity 2633K, committed 2688K, reserved 1048576K
}
Event: 10.670 GC heap before
{Heap before GC invocations=5 (full 0):
 PSYoungGen      total 70656K, used 20243K [0x00000000e0000000, 0x00000000e4a00000, 0x0000000100000000)
  eden space 65536K, 23% used [0x00000000e0000000,0x00000000e0ec69b8,0x00000000e4000000)
  from space 5120K, 99% used [0x00000000e4500000,0x00000000e49fe2d8,0x00000000e4a00000)
  to   space 5120K, 0% used [0x00000000e4000000,0x00000000e4000000,0x00000000e4500000)
 ParOldGen       total 86016K, used 5095K [0x00000000a0000000, 0x00000000a5400000, 0x00000000e0000000)
  object space 86016K, 5% used [0x00000000a0000000,0x00000000a04f9fd8,0x00000000a5400000)
 Metaspace       used 20786K, capacity 21098K, committed 21248K, reserved 1067008K
  class space    used 2890K, capacity 3017K, committed 3072K, reserved 1048576K
Event: 10.687 GC heap after
Heap after GC invocations=5 (full 0):
 PSYoungGen      total 70656K, used 5088K [0x00000000e0000000, 0x00000000e9400000, 0x0000000100000000)
  eden space 65536K, 0% used [0x00000000e0000000,0x00000000e0000000,0x00000000e4000000)
  from space 5120K, 99% used [0x00000000e4000000,0x00000000e44f8030,0x00000000e4500000)
  to   space 10240K, 0% used [0x00000000e8a00000,0x00000000e8a00000,0x00000000e9400000)
 ParOldGen       total 86016K, used 7913K [0x00000000a0000000, 0x00000000a5400000, 0x00000000e0000000)
  object space 86016K, 9% used [0x00000000a0000000,0x00000000a07ba520,0x00000000a5400000)
 Metaspace       used 20786K, capacity 21098K, committed 21248K, reserved 1067008K
  class space    used 2890K, capacity 3017K, committed 3072K, reserved 1048576K
}
Event: 10.687 GC heap before
{Heap before GC invocations=6 (full 1):
 PSYoungGen      total 70656K, used 5088K [0x00000000e0000000, 0x00000000e9400000, 0x0000000100000000)
  eden space 65536K, 0% used [0x00000000e0000000,0x00000000e0000000,0x00000000e4000000)
  from space 5120K, 99% used [0x00000000e4000000,0x00000000e44f8030,0x00000000e4500000)
  to   space 10240K, 0% used [0x00000000e8a00000,0x00000000e8a00000,0x00000000e9400000)
 ParOldGen       total 86016K, used 7913K [0x00000000a0000000, 0x00000000a5400000, 0x00000000e0000000)
  object space 86016K, 9% used [0x00000000a0000000,0x00000000a07ba520,0x00000000a5400000)
 Metaspace       used 20786K, capacity 21098K, committed 21248K, reserved 1067008K
  class space    used 2890K, capacity 3017K, committed 3072K, reserved 1048576K
Event: 10.765 GC heap after
Heap after GC invocations=6 (full 1):
 PSYoungGen      total 70656K, used 0K [0x00000000e0000000, 0x00000000e9400000, 0x0000000100000000)
  eden space 65536K, 0% used [0x00000000e0000000,0x00000000e0000000,0x00000000e4000000)
  from space 5120K, 0% used [0x00000000e4000000,0x00000000e4000000,0x00000000e4500000)
  to   space 10240K, 0% used [0x00000000e8a00000,0x00000000e8a00000,0x00000000e9400000)
 ParOldGen       total 55296K, used 8058K [0x00000000a0000000, 0x00000000a3600000, 0x00000000e0000000)
  object space 55296K, 14% used [0x00000000a0000000,0x00000000a07debf8,0x00000000a3600000)
 Metaspace       used 20786K, capacity 21098K, committed 21248K, reserved 1067008K
  class space    used 2890K, capacity 3017K, committed 3072K, reserved 1048576K
}

